2017-06-28 11:21:09 Error: [Cake\Database\Exception] SQLSTATE[42S02]: Base table or view not found: 1146 Table 'hftools.answers_questions' doesn't exist in /var/www/hftools.com.au/public_html/hftools/vendor/cakephp/cakephp/src/Database/Schema/Collection.php on line 131
Stack Trace:
#0 /var/www/hftools.com.au/public_html/hftools/vendor/cakephp/cakephp/src/Database/Schema/Collection.php(97): Cake\Database\Schema\Collection->_reflect('Column', 'answers_questio...', Array, Object(Cake\Database\Schema\TableSchema))
#1 /var/www/hftools.com.au/public_html/hftools/vendor/cakephp/cakephp/src/Database/Schema/CachedCollection.php(63): Cake\Database\Schema\Collection->describe('answers_questio...', Array)
#2 /var/www/hftools.com.au/public_html/hftools/vendor/cakephp/cakephp/src/ORM/Table.php(531): Cake\Database\Schema\CachedCollection->describe('answers_questio...')
#3 /var/www/hftools.com.au/public_html/hftools/vendor/cakephp/cakephp/src/ORM/Table.php(652): Cake\ORM\Table->getSchema()
#4 /var/www/hftools.com.au/public_html/hftools/vendor/cakephp/bake/src/Shell/Task/ModelTask.php(217): Cake\ORM\Table->getPrimaryKey()
#5 /var/www/hftools.com.au/public_html/hftools/vendor/cakephp/bake/src/Shell/Task/ModelTask.php(127): Bake\Shell\Task\ModelTask->getAssociations(Object(Cake\ORM\Table))
#6 /var/www/hftools.com.au/public_html/hftools/vendor/cakephp/bake/src/Shell/Task/ModelTask.php(110): Bake\Shell\Task\ModelTask->getTableContext(Object(Cake\ORM\Table), 'answers_questio...', 'AnswersQuestion...')
#7 /var/www/hftools.com.au/public_html/hftools/vendor/cakephp/bake/src/Shell/Task/ModelTask.php(97): Bake\Shell\Task\ModelTask->bake('AnswersQuestion...')
#8 /var/www/hftools.com.au/public_html/hftools/vendor/cakephp/bake/src/Shell/BakeShell.php(257): Bake\Shell\Task\ModelTask->main('AnswersQuestion...')
#9 /var/www/hftools.com.au/public_html/hftools/vendor/cakephp/cakephp/src/Collection/CollectionTrait.php(51): Bake\Shell\BakeShell->Bake\Shell\{closure}('AnswersQuestion...', 0)
#10 /var/www/hftools.com.au/public_html/hftools/vendor/cakephp/bake/src/Shell/BakeShell.php(258): Cake\Collection\Collection->each(Object(Closure))
#11 /var/www/hftools.com.au/public_html/hftools/vendor/cakephp/cakephp/src/Console/Shell.php(458): Bake\Shell\BakeShell->all('answers_questio...')
#12 /var/www/hftools.com.au/public_html/hftools/vendor/cakephp/cakephp/src/Console/ShellDispatcher.php(230): Cake\Console\Shell->runCommand(Array, true, Array)
#13 /var/www/hftools.com.au/public_html/hftools/vendor/cakephp/cakephp/src/Console/ShellDispatcher.php(182): Cake\Console\ShellDispatcher->_dispatch(Array)
#14 /var/www/hftools.com.au/public_html/hftools/vendor/cakephp/cakephp/src/Console/ShellDispatcher.php(128): Cake\Console\ShellDispatcher->dispatch(Array)
#15 /var/www/hftools.com.au/public_html/hftools/bin/cake.php(34): Cake\Console\ShellDispatcher::run(Array)
#16 {main}


2017-07-04 17:18:06 Error: [Cake\Database\Exception] SQLSTATE[42S02]: Base table or view not found: 1146 Table 'hftools.questioins' doesn't exist in /var/www/hftools.com.au/public_html/hftools/vendor/cakephp/cakephp/src/Database/Schema/Collection.php on line 131
Stack Trace:
#0 /var/www/hftools.com.au/public_html/hftools/vendor/cakephp/cakephp/src/Database/Schema/Collection.php(97): Cake\Database\Schema\Collection->_reflect('Column', 'questioins', Array, Object(Cake\Database\Schema\TableSchema))
#1 /var/www/hftools.com.au/public_html/hftools/vendor/cakephp/cakephp/src/Database/Schema/CachedCollection.php(63): Cake\Database\Schema\Collection->describe('questioins', Array)
#2 /var/www/hftools.com.au/public_html/hftools/vendor/cakephp/cakephp/src/ORM/Table.php(531): Cake\Database\Schema\CachedCollection->describe('questioins')
#3 /var/www/hftools.com.au/public_html/hftools/vendor/cakephp/cakephp/src/ORM/Table.php(652): Cake\ORM\Table->getSchema()
#4 /var/www/hftools.com.au/public_html/hftools/vendor/cakephp/bake/src/Shell/Task/ModelTask.php(217): Cake\ORM\Table->getPrimaryKey()
#5 /var/www/hftools.com.au/public_html/hftools/vendor/cakephp/bake/src/Shell/Task/ModelTask.php(127): Bake\Shell\Task\ModelTask->getAssociations(Object(Cake\ORM\Table))
#6 /var/www/hftools.com.au/public_html/hftools/vendor/cakephp/bake/src/Shell/Task/ModelTask.php(110): Bake\Shell\Task\ModelTask->getTableContext(Object(Cake\ORM\Table), 'questioins', 'Questioins')
#7 /var/www/hftools.com.au/public_html/hftools/vendor/cakephp/bake/src/Shell/Task/ModelTask.php(97): Bake\Shell\Task\ModelTask->bake('Questioins')
#8 /var/www/hftools.com.au/public_html/hftools/vendor/cakephp/cakephp/src/Console/Shell.php(472): Bake\Shell\Task\ModelTask->main('questioins')
#9 /var/www/hftools.com.au/public_html/hftools/vendor/cakephp/cakephp/src/Console/Shell.php(465): Cake\Console\Shell->runCommand(Array, false, Array)
#10 /var/www/hftools.com.au/public_html/hftools/vendor/cakephp/cakephp/src/Console/ShellDispatcher.php(230): Cake\Console\Shell->runCommand(Array, true, Array)
#11 /var/www/hftools.com.au/public_html/hftools/vendor/cakephp/cakephp/src/Console/ShellDispatcher.php(182): Cake\Console\ShellDispatcher->_dispatch(Array)
#12 /var/www/hftools.com.au/public_html/hftools/vendor/cakephp/cakephp/src/Console/ShellDispatcher.php(128): Cake\Console\ShellDispatcher->dispatch(Array)
#13 /var/www/hftools.com.au/public_html/hftools/bin/cake.php(34): Cake\Console\ShellDispatcher::run(Array)
#14 {main}


